<?xml version="1.0" encoding="UTF-8"?>
<testng-results skipped="0" failed="0" total="1" passed="1">
  <reporter-output>
  </reporter-output>
  <suite name="My Sample Suite" duration-ms="5938" started-at="2019-12-19T05:07:08Z" finished-at="2019-12-19T05:07:14Z">
    <groups>
    </groups>
    <test name="Jenkins integration" duration-ms="5938" started-at="2019-12-19T05:07:08Z" finished-at="2019-12-19T05:07:14Z">
      <class name="Jenkins_new_Java.testing">
        <test-method status="PASS" signature="login1()[pri:0, instance:Jenkins_new_Java.testing@215be6bb]" name="login1" duration-ms="5915" started-at="2019-12-18T23:07:08Z" finished-at="2019-12-18T23:07:14Z">
          <reporter-output>
          </reporter-output>
        </test-method> <!-- login1 -->
      </class> <!-- Jenkins_new_Java.testing -->
    </test> <!-- Jenkins integration -->
  </suite> <!-- My Sample Suite -->
</testng-results>
