-------------------------------------------------------------------------------
Test set: TestSuite
-------------------------------------------------------------------------------
Tests run: 3, Failures: 1, Errors: 0, Skipped: 0, Time elapsed: 9.746 s <<< FAILURE! - in TestSuite
getData(Jenkins_new_Java.testing)  Time elapsed: 0.019 s  <<< FAILURE!
junit.framework.AssertionFailedError
	at Jenkins_new_Java.testing.getData(testing.java:29)

